ARM GAS  C:\Users\dj6dvj\AppData\Local\Temp\ccWZAloA.s 			page 1


   1              		.cpu cortex-m3
   2              		.eabi_attribute 20, 1
   3              		.eabi_attribute 21, 1
   4              		.eabi_attribute 23, 3
   5              		.eabi_attribute 24, 1
   6              		.eabi_attribute 25, 1
   7              		.eabi_attribute 26, 1
   8              		.eabi_attribute 30, 1
   9              		.eabi_attribute 34, 1
  10              		.eabi_attribute 18, 4
  11              		.file	"stm32f1xx_hal_msp.c"
  12              		.text
  13              	.Ltext0:
  14              		.cfi_sections	.debug_frame
  15              		.section	.text.HAL_MspInit,"ax",%progbits
  16              		.align	1
  17              		.global	HAL_MspInit
  18              		.arch armv7-m
  19              		.syntax unified
  20              		.thumb
  21              		.thumb_func
  22              		.fpu softvfp
  24              	HAL_MspInit:
  25              	.LFB65:
  26              		.file 1 "Src/stm32f1xx_hal_msp.c"
   1:Src/stm32f1xx_hal_msp.c **** /* USER CODE BEGIN Header */
   2:Src/stm32f1xx_hal_msp.c **** /**
   3:Src/stm32f1xx_hal_msp.c ****   ******************************************************************************
   4:Src/stm32f1xx_hal_msp.c ****   * File Name          : stm32f1xx_hal_msp.c
   5:Src/stm32f1xx_hal_msp.c ****   * Description        : This file provides code for the MSP Initialization 
   6:Src/stm32f1xx_hal_msp.c ****   *                      and de-Initialization codes.
   7:Src/stm32f1xx_hal_msp.c ****   ******************************************************************************
   8:Src/stm32f1xx_hal_msp.c ****   * @attention
   9:Src/stm32f1xx_hal_msp.c ****   *
  10:Src/stm32f1xx_hal_msp.c ****   * <h2><center>&copy; Copyright (c) 2021 STMicroelectronics.
  11:Src/stm32f1xx_hal_msp.c ****   * All rights reserved.</center></h2>
  12:Src/stm32f1xx_hal_msp.c ****   *
  13:Src/stm32f1xx_hal_msp.c ****   * This software component is licensed by ST under BSD 3-Clause license,
  14:Src/stm32f1xx_hal_msp.c ****   * the "License"; You may not use this file except in compliance with the
  15:Src/stm32f1xx_hal_msp.c ****   * License. You may obtain a copy of the License at:
  16:Src/stm32f1xx_hal_msp.c ****   *                        opensource.org/licenses/BSD-3-Clause
  17:Src/stm32f1xx_hal_msp.c ****   *
  18:Src/stm32f1xx_hal_msp.c ****   ******************************************************************************
  19:Src/stm32f1xx_hal_msp.c ****   */
  20:Src/stm32f1xx_hal_msp.c **** /* USER CODE END Header */
  21:Src/stm32f1xx_hal_msp.c **** 
  22:Src/stm32f1xx_hal_msp.c **** /* Includes ------------------------------------------------------------------*/
  23:Src/stm32f1xx_hal_msp.c **** #include "main.h"
  24:Src/stm32f1xx_hal_msp.c **** /* USER CODE BEGIN Includes */
  25:Src/stm32f1xx_hal_msp.c **** 
  26:Src/stm32f1xx_hal_msp.c **** /* USER CODE END Includes */
  27:Src/stm32f1xx_hal_msp.c **** 
  28:Src/stm32f1xx_hal_msp.c **** /* Private typedef -----------------------------------------------------------*/
  29:Src/stm32f1xx_hal_msp.c **** /* USER CODE BEGIN TD */
  30:Src/stm32f1xx_hal_msp.c **** 
  31:Src/stm32f1xx_hal_msp.c **** /* USER CODE END TD */
  32:Src/stm32f1xx_hal_msp.c **** 
ARM GAS  C:\Users\dj6dvj\AppData\Local\Temp\ccWZAloA.s 			page 2


  33:Src/stm32f1xx_hal_msp.c **** /* Private define ------------------------------------------------------------*/
  34:Src/stm32f1xx_hal_msp.c **** /* USER CODE BEGIN Define */
  35:Src/stm32f1xx_hal_msp.c ****  
  36:Src/stm32f1xx_hal_msp.c **** /* USER CODE END Define */
  37:Src/stm32f1xx_hal_msp.c **** 
  38:Src/stm32f1xx_hal_msp.c **** /* Private macro -------------------------------------------------------------*/
  39:Src/stm32f1xx_hal_msp.c **** /* USER CODE BEGIN Macro */
  40:Src/stm32f1xx_hal_msp.c **** 
  41:Src/stm32f1xx_hal_msp.c **** /* USER CODE END Macro */
  42:Src/stm32f1xx_hal_msp.c **** 
  43:Src/stm32f1xx_hal_msp.c **** /* Private variables ---------------------------------------------------------*/
  44:Src/stm32f1xx_hal_msp.c **** /* USER CODE BEGIN PV */
  45:Src/stm32f1xx_hal_msp.c **** 
  46:Src/stm32f1xx_hal_msp.c **** /* USER CODE END PV */
  47:Src/stm32f1xx_hal_msp.c **** 
  48:Src/stm32f1xx_hal_msp.c **** /* Private function prototypes -----------------------------------------------*/
  49:Src/stm32f1xx_hal_msp.c **** /* USER CODE BEGIN PFP */
  50:Src/stm32f1xx_hal_msp.c **** 
  51:Src/stm32f1xx_hal_msp.c **** /* USER CODE END PFP */
  52:Src/stm32f1xx_hal_msp.c **** 
  53:Src/stm32f1xx_hal_msp.c **** /* External functions --------------------------------------------------------*/
  54:Src/stm32f1xx_hal_msp.c **** /* USER CODE BEGIN ExternalFunctions */
  55:Src/stm32f1xx_hal_msp.c **** 
  56:Src/stm32f1xx_hal_msp.c **** /* USER CODE END ExternalFunctions */
  57:Src/stm32f1xx_hal_msp.c **** 
  58:Src/stm32f1xx_hal_msp.c **** /* USER CODE BEGIN 0 */
  59:Src/stm32f1xx_hal_msp.c **** 
  60:Src/stm32f1xx_hal_msp.c **** /* USER CODE END 0 */
  61:Src/stm32f1xx_hal_msp.c **** /**
  62:Src/stm32f1xx_hal_msp.c ****   * Initializes the Global MSP.
  63:Src/stm32f1xx_hal_msp.c ****   */
  64:Src/stm32f1xx_hal_msp.c **** void HAL_MspInit(void)
  65:Src/stm32f1xx_hal_msp.c **** {
  27              		.loc 1 65 1 view -0
  28              		.cfi_startproc
  29              		@ args = 0, pretend = 0, frame = 8
  30              		@ frame_needed = 0, uses_anonymous_args = 0
  31              		@ link register save eliminated.
  32 0000 82B0     		sub	sp, sp, #8
  33              	.LCFI0:
  34              		.cfi_def_cfa_offset 8
  66:Src/stm32f1xx_hal_msp.c ****   /* USER CODE BEGIN MspInit 0 */
  67:Src/stm32f1xx_hal_msp.c **** 
  68:Src/stm32f1xx_hal_msp.c ****   /* USER CODE END MspInit 0 */
  69:Src/stm32f1xx_hal_msp.c **** 
  70:Src/stm32f1xx_hal_msp.c ****   __HAL_RCC_AFIO_CLK_ENABLE();
  35              		.loc 1 70 3 view .LVU1
  36              	.LBB2:
  37              		.loc 1 70 3 view .LVU2
  38              		.loc 1 70 3 view .LVU3
  39 0002 0E4B     		ldr	r3, .L3
  40 0004 9A69     		ldr	r2, [r3, #24]
  41 0006 42F00102 		orr	r2, r2, #1
  42 000a 9A61     		str	r2, [r3, #24]
  43              		.loc 1 70 3 view .LVU4
  44 000c 9A69     		ldr	r2, [r3, #24]
  45 000e 02F00102 		and	r2, r2, #1
ARM GAS  C:\Users\dj6dvj\AppData\Local\Temp\ccWZAloA.s 			page 3


  46 0012 0092     		str	r2, [sp]
  47              		.loc 1 70 3 view .LVU5
  48 0014 009A     		ldr	r2, [sp]
  49              	.LBE2:
  50              		.loc 1 70 3 view .LVU6
  71:Src/stm32f1xx_hal_msp.c ****   __HAL_RCC_PWR_CLK_ENABLE();
  51              		.loc 1 71 3 view .LVU7
  52              	.LBB3:
  53              		.loc 1 71 3 view .LVU8
  54              		.loc 1 71 3 view .LVU9
  55 0016 DA69     		ldr	r2, [r3, #28]
  56 0018 42F08052 		orr	r2, r2, #268435456
  57 001c DA61     		str	r2, [r3, #28]
  58              		.loc 1 71 3 view .LVU10
  59 001e DB69     		ldr	r3, [r3, #28]
  60 0020 03F08053 		and	r3, r3, #268435456
  61 0024 0193     		str	r3, [sp, #4]
  62              		.loc 1 71 3 view .LVU11
  63 0026 019B     		ldr	r3, [sp, #4]
  64              	.LBE3:
  65              		.loc 1 71 3 view .LVU12
  72:Src/stm32f1xx_hal_msp.c **** 
  73:Src/stm32f1xx_hal_msp.c ****   /* System interrupt init*/
  74:Src/stm32f1xx_hal_msp.c **** 
  75:Src/stm32f1xx_hal_msp.c ****   /** NOJTAG: JTAG-DP Disabled and SW-DP Enabled 
  76:Src/stm32f1xx_hal_msp.c ****   */
  77:Src/stm32f1xx_hal_msp.c ****   __HAL_AFIO_REMAP_SWJ_NOJTAG();
  66              		.loc 1 77 3 view .LVU13
  67              	.LBB4:
  68              		.loc 1 77 3 view .LVU14
  69 0028 054A     		ldr	r2, .L3+4
  70 002a 5368     		ldr	r3, [r2, #4]
  71              	.LVL0:
  72              		.loc 1 77 3 view .LVU15
  73 002c 23F0E063 		bic	r3, r3, #117440512
  74              	.LVL1:
  75              		.loc 1 77 3 view .LVU16
  76 0030 43F00073 		orr	r3, r3, #33554432
  77              	.LVL2:
  78              		.loc 1 77 3 view .LVU17
  79 0034 5360     		str	r3, [r2, #4]
  80              	.LBE4:
  81              		.loc 1 77 3 view .LVU18
  78:Src/stm32f1xx_hal_msp.c **** 
  79:Src/stm32f1xx_hal_msp.c ****   /* USER CODE BEGIN MspInit 1 */
  80:Src/stm32f1xx_hal_msp.c **** 
  81:Src/stm32f1xx_hal_msp.c ****   /* USER CODE END MspInit 1 */
  82:Src/stm32f1xx_hal_msp.c **** }
  82              		.loc 1 82 1 is_stmt 0 view .LVU19
  83 0036 02B0     		add	sp, sp, #8
  84              	.LCFI1:
  85              		.cfi_def_cfa_offset 0
  86              		@ sp needed
  87 0038 7047     		bx	lr
  88              	.L4:
  89 003a 00BF     		.align	2
  90              	.L3:
ARM GAS  C:\Users\dj6dvj\AppData\Local\Temp\ccWZAloA.s 			page 4


  91 003c 00100240 		.word	1073876992
  92 0040 00000140 		.word	1073807360
  93              		.cfi_endproc
  94              	.LFE65:
  96              		.section	.text.HAL_UART_MspInit,"ax",%progbits
  97              		.align	1
  98              		.global	HAL_UART_MspInit
  99              		.syntax unified
 100              		.thumb
 101              		.thumb_func
 102              		.fpu softvfp
 104              	HAL_UART_MspInit:
 105              	.LVL3:
 106              	.LFB66:
  83:Src/stm32f1xx_hal_msp.c **** 
  84:Src/stm32f1xx_hal_msp.c **** /**
  85:Src/stm32f1xx_hal_msp.c **** * @brief UART MSP Initialization
  86:Src/stm32f1xx_hal_msp.c **** * This function configures the hardware resources used in this example
  87:Src/stm32f1xx_hal_msp.c **** * @param huart: UART handle pointer
  88:Src/stm32f1xx_hal_msp.c **** * @retval None
  89:Src/stm32f1xx_hal_msp.c **** */
  90:Src/stm32f1xx_hal_msp.c **** void HAL_UART_MspInit(UART_HandleTypeDef* huart)
  91:Src/stm32f1xx_hal_msp.c **** {
 107              		.loc 1 91 1 is_stmt 1 view -0
 108              		.cfi_startproc
 109              		@ args = 0, pretend = 0, frame = 24
 110              		@ frame_needed = 0, uses_anonymous_args = 0
 111              		.loc 1 91 1 is_stmt 0 view .LVU21
 112 0000 00B5     		push	{lr}
 113              	.LCFI2:
 114              		.cfi_def_cfa_offset 4
 115              		.cfi_offset 14, -4
 116 0002 87B0     		sub	sp, sp, #28
 117              	.LCFI3:
 118              		.cfi_def_cfa_offset 32
  92:Src/stm32f1xx_hal_msp.c ****   GPIO_InitTypeDef GPIO_InitStruct = {0};
 119              		.loc 1 92 3 is_stmt 1 view .LVU22
 120              		.loc 1 92 20 is_stmt 0 view .LVU23
 121 0004 0023     		movs	r3, #0
 122 0006 0293     		str	r3, [sp, #8]
 123 0008 0393     		str	r3, [sp, #12]
 124 000a 0493     		str	r3, [sp, #16]
 125 000c 0593     		str	r3, [sp, #20]
  93:Src/stm32f1xx_hal_msp.c ****   if(huart->Instance==USART2)
 126              		.loc 1 93 3 is_stmt 1 view .LVU24
 127              		.loc 1 93 11 is_stmt 0 view .LVU25
 128 000e 0268     		ldr	r2, [r0]
 129              		.loc 1 93 5 view .LVU26
 130 0010 114B     		ldr	r3, .L9
 131 0012 9A42     		cmp	r2, r3
 132 0014 02D0     		beq	.L8
 133              	.LVL4:
 134              	.L5:
  94:Src/stm32f1xx_hal_msp.c ****   {
  95:Src/stm32f1xx_hal_msp.c ****   /* USER CODE BEGIN USART2_MspInit 0 */
  96:Src/stm32f1xx_hal_msp.c **** 
  97:Src/stm32f1xx_hal_msp.c ****   /* USER CODE END USART2_MspInit 0 */
ARM GAS  C:\Users\dj6dvj\AppData\Local\Temp\ccWZAloA.s 			page 5


  98:Src/stm32f1xx_hal_msp.c ****     /* Peripheral clock enable */
  99:Src/stm32f1xx_hal_msp.c ****     __HAL_RCC_USART2_CLK_ENABLE();
 100:Src/stm32f1xx_hal_msp.c ****   
 101:Src/stm32f1xx_hal_msp.c ****     __HAL_RCC_GPIOA_CLK_ENABLE();
 102:Src/stm32f1xx_hal_msp.c ****     /**USART2 GPIO Configuration    
 103:Src/stm32f1xx_hal_msp.c ****     PA2     ------> USART2_TX
 104:Src/stm32f1xx_hal_msp.c ****     PA3     ------> USART2_RX 
 105:Src/stm32f1xx_hal_msp.c ****     */
 106:Src/stm32f1xx_hal_msp.c ****     GPIO_InitStruct.Pin = USART_TX_Pin|USART_RX_Pin;
 107:Src/stm32f1xx_hal_msp.c ****     GPIO_InitStruct.Mode = GPIO_MODE_AF_PP;
 108:Src/stm32f1xx_hal_msp.c ****     GPIO_InitStruct.Speed = GPIO_SPEED_FREQ_LOW;
 109:Src/stm32f1xx_hal_msp.c ****     HAL_GPIO_Init(GPIOA, &GPIO_InitStruct);
 110:Src/stm32f1xx_hal_msp.c **** 
 111:Src/stm32f1xx_hal_msp.c ****   /* USER CODE BEGIN USART2_MspInit 1 */
 112:Src/stm32f1xx_hal_msp.c **** 
 113:Src/stm32f1xx_hal_msp.c ****   /* USER CODE END USART2_MspInit 1 */
 114:Src/stm32f1xx_hal_msp.c ****   }
 115:Src/stm32f1xx_hal_msp.c **** 
 116:Src/stm32f1xx_hal_msp.c **** }
 135              		.loc 1 116 1 view .LVU27
 136 0016 07B0     		add	sp, sp, #28
 137              	.LCFI4:
 138              		.cfi_remember_state
 139              		.cfi_def_cfa_offset 4
 140              		@ sp needed
 141 0018 5DF804FB 		ldr	pc, [sp], #4
 142              	.LVL5:
 143              	.L8:
 144              	.LCFI5:
 145              		.cfi_restore_state
  99:Src/stm32f1xx_hal_msp.c ****   
 146              		.loc 1 99 5 is_stmt 1 view .LVU28
 147              	.LBB5:
  99:Src/stm32f1xx_hal_msp.c ****   
 148              		.loc 1 99 5 view .LVU29
  99:Src/stm32f1xx_hal_msp.c ****   
 149              		.loc 1 99 5 view .LVU30
 150 001c 03F5E633 		add	r3, r3, #117760
 151 0020 DA69     		ldr	r2, [r3, #28]
 152 0022 42F40032 		orr	r2, r2, #131072
 153 0026 DA61     		str	r2, [r3, #28]
  99:Src/stm32f1xx_hal_msp.c ****   
 154              		.loc 1 99 5 view .LVU31
 155 0028 DA69     		ldr	r2, [r3, #28]
 156 002a 02F40032 		and	r2, r2, #131072
 157 002e 0092     		str	r2, [sp]
  99:Src/stm32f1xx_hal_msp.c ****   
 158              		.loc 1 99 5 view .LVU32
 159 0030 009A     		ldr	r2, [sp]
 160              	.LBE5:
  99:Src/stm32f1xx_hal_msp.c ****   
 161              		.loc 1 99 5 view .LVU33
 101:Src/stm32f1xx_hal_msp.c ****     /**USART2 GPIO Configuration    
 162              		.loc 1 101 5 view .LVU34
 163              	.LBB6:
 101:Src/stm32f1xx_hal_msp.c ****     /**USART2 GPIO Configuration    
 164              		.loc 1 101 5 view .LVU35
ARM GAS  C:\Users\dj6dvj\AppData\Local\Temp\ccWZAloA.s 			page 6


 101:Src/stm32f1xx_hal_msp.c ****     /**USART2 GPIO Configuration    
 165              		.loc 1 101 5 view .LVU36
 166 0032 9A69     		ldr	r2, [r3, #24]
 167 0034 42F00402 		orr	r2, r2, #4
 168 0038 9A61     		str	r2, [r3, #24]
 101:Src/stm32f1xx_hal_msp.c ****     /**USART2 GPIO Configuration    
 169              		.loc 1 101 5 view .LVU37
 170 003a 9B69     		ldr	r3, [r3, #24]
 171 003c 03F00403 		and	r3, r3, #4
 172 0040 0193     		str	r3, [sp, #4]
 101:Src/stm32f1xx_hal_msp.c ****     /**USART2 GPIO Configuration    
 173              		.loc 1 101 5 view .LVU38
 174 0042 019B     		ldr	r3, [sp, #4]
 175              	.LBE6:
 101:Src/stm32f1xx_hal_msp.c ****     /**USART2 GPIO Configuration    
 176              		.loc 1 101 5 view .LVU39
 106:Src/stm32f1xx_hal_msp.c ****     GPIO_InitStruct.Mode = GPIO_MODE_AF_PP;
 177              		.loc 1 106 5 view .LVU40
 106:Src/stm32f1xx_hal_msp.c ****     GPIO_InitStruct.Mode = GPIO_MODE_AF_PP;
 178              		.loc 1 106 25 is_stmt 0 view .LVU41
 179 0044 0C23     		movs	r3, #12
 180 0046 0293     		str	r3, [sp, #8]
 107:Src/stm32f1xx_hal_msp.c ****     GPIO_InitStruct.Speed = GPIO_SPEED_FREQ_LOW;
 181              		.loc 1 107 5 is_stmt 1 view .LVU42
 107:Src/stm32f1xx_hal_msp.c ****     GPIO_InitStruct.Speed = GPIO_SPEED_FREQ_LOW;
 182              		.loc 1 107 26 is_stmt 0 view .LVU43
 183 0048 0223     		movs	r3, #2
 184 004a 0393     		str	r3, [sp, #12]
 108:Src/stm32f1xx_hal_msp.c ****     HAL_GPIO_Init(GPIOA, &GPIO_InitStruct);
 185              		.loc 1 108 5 is_stmt 1 view .LVU44
 108:Src/stm32f1xx_hal_msp.c ****     HAL_GPIO_Init(GPIOA, &GPIO_InitStruct);
 186              		.loc 1 108 27 is_stmt 0 view .LVU45
 187 004c 0593     		str	r3, [sp, #20]
 109:Src/stm32f1xx_hal_msp.c **** 
 188              		.loc 1 109 5 is_stmt 1 view .LVU46
 189 004e 02A9     		add	r1, sp, #8
 190 0050 0248     		ldr	r0, .L9+4
 191              	.LVL6:
 109:Src/stm32f1xx_hal_msp.c **** 
 192              		.loc 1 109 5 is_stmt 0 view .LVU47
 193 0052 FFF7FEFF 		bl	HAL_GPIO_Init
 194              	.LVL7:
 195              		.loc 1 116 1 view .LVU48
 196 0056 DEE7     		b	.L5
 197              	.L10:
 198              		.align	2
 199              	.L9:
 200 0058 00440040 		.word	1073759232
 201 005c 00080140 		.word	1073809408
 202              		.cfi_endproc
 203              	.LFE66:
 205              		.section	.text.HAL_UART_MspDeInit,"ax",%progbits
 206              		.align	1
 207              		.global	HAL_UART_MspDeInit
 208              		.syntax unified
 209              		.thumb
 210              		.thumb_func
ARM GAS  C:\Users\dj6dvj\AppData\Local\Temp\ccWZAloA.s 			page 7


 211              		.fpu softvfp
 213              	HAL_UART_MspDeInit:
 214              	.LVL8:
 215              	.LFB67:
 117:Src/stm32f1xx_hal_msp.c **** 
 118:Src/stm32f1xx_hal_msp.c **** /**
 119:Src/stm32f1xx_hal_msp.c **** * @brief UART MSP De-Initialization
 120:Src/stm32f1xx_hal_msp.c **** * This function freeze the hardware resources used in this example
 121:Src/stm32f1xx_hal_msp.c **** * @param huart: UART handle pointer
 122:Src/stm32f1xx_hal_msp.c **** * @retval None
 123:Src/stm32f1xx_hal_msp.c **** */
 124:Src/stm32f1xx_hal_msp.c **** void HAL_UART_MspDeInit(UART_HandleTypeDef* huart)
 125:Src/stm32f1xx_hal_msp.c **** {
 216              		.loc 1 125 1 is_stmt 1 view -0
 217              		.cfi_startproc
 218              		@ args = 0, pretend = 0, frame = 0
 219              		@ frame_needed = 0, uses_anonymous_args = 0
 220              		.loc 1 125 1 is_stmt 0 view .LVU50
 221 0000 08B5     		push	{r3, lr}
 222              	.LCFI6:
 223              		.cfi_def_cfa_offset 8
 224              		.cfi_offset 3, -8
 225              		.cfi_offset 14, -4
 126:Src/stm32f1xx_hal_msp.c ****   if(huart->Instance==USART2)
 226              		.loc 1 126 3 is_stmt 1 view .LVU51
 227              		.loc 1 126 11 is_stmt 0 view .LVU52
 228 0002 0268     		ldr	r2, [r0]
 229              		.loc 1 126 5 view .LVU53
 230 0004 064B     		ldr	r3, .L15
 231 0006 9A42     		cmp	r2, r3
 232 0008 00D0     		beq	.L14
 233              	.LVL9:
 234              	.L11:
 127:Src/stm32f1xx_hal_msp.c ****   {
 128:Src/stm32f1xx_hal_msp.c ****   /* USER CODE BEGIN USART2_MspDeInit 0 */
 129:Src/stm32f1xx_hal_msp.c **** 
 130:Src/stm32f1xx_hal_msp.c ****   /* USER CODE END USART2_MspDeInit 0 */
 131:Src/stm32f1xx_hal_msp.c ****     /* Peripheral clock disable */
 132:Src/stm32f1xx_hal_msp.c ****     __HAL_RCC_USART2_CLK_DISABLE();
 133:Src/stm32f1xx_hal_msp.c ****   
 134:Src/stm32f1xx_hal_msp.c ****     /**USART2 GPIO Configuration    
 135:Src/stm32f1xx_hal_msp.c ****     PA2     ------> USART2_TX
 136:Src/stm32f1xx_hal_msp.c ****     PA3     ------> USART2_RX 
 137:Src/stm32f1xx_hal_msp.c ****     */
 138:Src/stm32f1xx_hal_msp.c ****     HAL_GPIO_DeInit(GPIOA, USART_TX_Pin|USART_RX_Pin);
 139:Src/stm32f1xx_hal_msp.c **** 
 140:Src/stm32f1xx_hal_msp.c ****   /* USER CODE BEGIN USART2_MspDeInit 1 */
 141:Src/stm32f1xx_hal_msp.c **** 
 142:Src/stm32f1xx_hal_msp.c ****   /* USER CODE END USART2_MspDeInit 1 */
 143:Src/stm32f1xx_hal_msp.c ****   }
 144:Src/stm32f1xx_hal_msp.c **** 
 145:Src/stm32f1xx_hal_msp.c **** }
 235              		.loc 1 145 1 view .LVU54
 236 000a 08BD     		pop	{r3, pc}
 237              	.LVL10:
 238              	.L14:
 132:Src/stm32f1xx_hal_msp.c ****   
ARM GAS  C:\Users\dj6dvj\AppData\Local\Temp\ccWZAloA.s 			page 8


 239              		.loc 1 132 5 is_stmt 1 view .LVU55
 240 000c 054A     		ldr	r2, .L15+4
 241 000e D369     		ldr	r3, [r2, #28]
 242 0010 23F40033 		bic	r3, r3, #131072
 243 0014 D361     		str	r3, [r2, #28]
 138:Src/stm32f1xx_hal_msp.c **** 
 244              		.loc 1 138 5 view .LVU56
 245 0016 0C21     		movs	r1, #12
 246 0018 0348     		ldr	r0, .L15+8
 247              	.LVL11:
 138:Src/stm32f1xx_hal_msp.c **** 
 248              		.loc 1 138 5 is_stmt 0 view .LVU57
 249 001a FFF7FEFF 		bl	HAL_GPIO_DeInit
 250              	.LVL12:
 251              		.loc 1 145 1 view .LVU58
 252 001e F4E7     		b	.L11
 253              	.L16:
 254              		.align	2
 255              	.L15:
 256 0020 00440040 		.word	1073759232
 257 0024 00100240 		.word	1073876992
 258 0028 00080140 		.word	1073809408
 259              		.cfi_endproc
 260              	.LFE67:
 262              		.text
 263              	.Letext0:
 264              		.file 2 "c:\\users\\dj6dvj\\myfiles\\programming\\tools\\arm_gnu_toolchain\\gcc-arm-none-eabi-10-2
 265              		.file 3 "c:\\users\\dj6dvj\\myfiles\\programming\\tools\\arm_gnu_toolchain\\gcc-arm-none-eabi-10-2
 266              		.file 4 "Drivers/CMSIS/Device/ST/STM32F1xx/Include/stm32f103xb.h"
 267              		.file 5 "Drivers/STM32F1xx_HAL_Driver/Inc/stm32f1xx_hal_def.h"
 268              		.file 6 "Drivers/STM32F1xx_HAL_Driver/Inc/stm32f1xx_hal_gpio.h"
 269              		.file 7 "Drivers/STM32F1xx_HAL_Driver/Inc/stm32f1xx_hal_dma.h"
 270              		.file 8 "Drivers/STM32F1xx_HAL_Driver/Inc/stm32f1xx_hal_uart.h"
ARM GAS  C:\Users\dj6dvj\AppData\Local\Temp\ccWZAloA.s 			page 9


DEFINED SYMBOLS
                            *ABS*:00000000 stm32f1xx_hal_msp.c
C:\Users\dj6dvj\AppData\Local\Temp\ccWZAloA.s:16     .text.HAL_MspInit:00000000 $t
C:\Users\dj6dvj\AppData\Local\Temp\ccWZAloA.s:24     .text.HAL_MspInit:00000000 HAL_MspInit
C:\Users\dj6dvj\AppData\Local\Temp\ccWZAloA.s:91     .text.HAL_MspInit:0000003c $d
C:\Users\dj6dvj\AppData\Local\Temp\ccWZAloA.s:97     .text.HAL_UART_MspInit:00000000 $t
C:\Users\dj6dvj\AppData\Local\Temp\ccWZAloA.s:104    .text.HAL_UART_MspInit:00000000 HAL_UART_MspInit
C:\Users\dj6dvj\AppData\Local\Temp\ccWZAloA.s:200    .text.HAL_UART_MspInit:00000058 $d
C:\Users\dj6dvj\AppData\Local\Temp\ccWZAloA.s:206    .text.HAL_UART_MspDeInit:00000000 $t
C:\Users\dj6dvj\AppData\Local\Temp\ccWZAloA.s:213    .text.HAL_UART_MspDeInit:00000000 HAL_UART_MspDeInit
C:\Users\dj6dvj\AppData\Local\Temp\ccWZAloA.s:256    .text.HAL_UART_MspDeInit:00000020 $d

UNDEFINED SYMBOLS
HAL_GPIO_Init
HAL_GPIO_DeInit
